Library/Bee/Android/Prj/Mono2x/Gradle/unityLibrary/build/intermediates/manifest_merge_blame_file/release/manifest-merger-blame-release-report.txt
1<?xml version="1.0" encoding="utf-8"?>
2<manifest xmlns:android="http://schemas.android.com/apk/res/android"
3    package="com.unity3d.player"
4    android:installLocation="preferExternal"
5    android:versionCode="1"
6    android:versionName="0.1" >
7
8    <uses-sdk
9        android:minSdkVersion="24"
9-->src\main\AndroidManifest.xml
10        android:targetSdkVersion="30" />
10-->src\main\AndroidManifest.xml
11
12    <supports-screens
12-->src\main\AndroidManifest.xml:3:3-163
13        android:anyDensity="true"
13-->src\main\AndroidManifest.xml:3:135-160
14        android:largeScreens="true"
14-->src\main\AndroidManifest.xml:3:78-105
15        android:normalScreens="true"
15-->src\main\AndroidManifest.xml:3:49-77
16        android:smallScreens="true"
16-->src\main\AndroidManifest.xml:3:21-48
17        android:xlargeScreens="true" />
17-->src\main\AndroidManifest.xml:3:106-134
18    <!-- permissions - add/remove as per required functionality -->
19    <uses-permission android:name="android.permission.ACCESS_FINE_LOCATION" />
19-->src\main\AndroidManifest.xml:27:3-77
19-->src\main\AndroidManifest.xml:27:20-74
20    <uses-permission android:name="android.permission.ACCESS_COARSE_LOCATION" />
20-->src\main\AndroidManifest.xml:28:3-79
20-->src\main\AndroidManifest.xml:28:20-76
21    <uses-permission android:name="android.permission.INTERNET" />
21-->src\main\AndroidManifest.xml:29:3-65
21-->src\main\AndroidManifest.xml:29:20-62
22    <uses-permission android:name="android.permission.CAMERA" />
22-->src\main\AndroidManifest.xml:30:3-63
22-->src\main\AndroidManifest.xml:30:20-60
23    <uses-permission android:name="android.permission.WRITE_EXTERNAL_STORAGE" />
23-->src\main\AndroidManifest.xml:31:3-79
23-->src\main\AndroidManifest.xml:31:20-76
24    <uses-permission android:name="android.permission.READ_CONTACTS" />
24-->src\main\AndroidManifest.xml:32:3-70
24-->src\main\AndroidManifest.xml:32:20-67
25    <uses-permission android:name="android.permission.VIBRATE" />
25-->src\main\AndroidManifest.xml:33:3-64
25-->src\main\AndroidManifest.xml:33:20-61
26
27    <uses-feature android:glEsVersion="0x00030000" />
27-->src\main\AndroidManifest.xml:34:3-52
27-->src\main\AndroidManifest.xml:34:17-49
28    <uses-feature
28-->src\main\AndroidManifest.xml:35:3-91
29        android:name="android.hardware.vulkan.version"
29-->src\main\AndroidManifest.xml:35:17-63
30        android:required="false" />
30-->src\main\AndroidManifest.xml:35:64-88
31
32    <uses-permission android:name="android.permission.ACCESS_NETWORK_STATE" />
32-->src\main\AndroidManifest.xml:36:3-77
32-->src\main\AndroidManifest.xml:36:20-74
33
34    <uses-feature
34-->src\main\AndroidManifest.xml:37:3-89
35        android:name="android.hardware.location.gps"
35-->src\main\AndroidManifest.xml:37:17-61
36        android:required="false" />
36-->src\main\AndroidManifest.xml:37:62-86
37    <uses-feature
37-->src\main\AndroidManifest.xml:38:3-85
38        android:name="android.hardware.location"
38-->src\main\AndroidManifest.xml:38:17-57
39        android:required="false" />
39-->src\main\AndroidManifest.xml:38:58-82
40    <uses-feature
40-->src\main\AndroidManifest.xml:39:3-83
41        android:name="android.hardware.camera"
41-->src\main\AndroidManifest.xml:39:17-55
42        android:required="false" />
42-->src\main\AndroidManifest.xml:39:56-80
43    <uses-feature
43-->src\main\AndroidManifest.xml:40:3-93
44        android:name="android.hardware.camera.autofocus"
44-->src\main\AndroidManifest.xml:40:17-65
45        android:required="false" />
45-->src\main\AndroidManifest.xml:40:66-90
46    <uses-feature
46-->src\main\AndroidManifest.xml:41:3-89
47        android:name="android.hardware.camera.front"
47-->src\main\AndroidManifest.xml:41:17-61
48        android:required="false" />
48-->src\main\AndroidManifest.xml:41:62-86
49    <uses-feature
49-->src\main\AndroidManifest.xml:42:3-88
50        android:name="android.hardware.touchscreen"
50-->src\main\AndroidManifest.xml:42:17-60
51        android:required="false" />
51-->src\main\AndroidManifest.xml:42:61-85
52    <uses-feature
52-->src\main\AndroidManifest.xml:43:3-99
53        android:name="android.hardware.touchscreen.multitouch"
53-->src\main\AndroidManifest.xml:43:17-71
54        android:required="false" />
54-->src\main\AndroidManifest.xml:43:72-96
55    <uses-feature
55-->src\main\AndroidManifest.xml:44:3-108
56        android:name="android.hardware.touchscreen.multitouch.distinct"
56-->src\main\AndroidManifest.xml:44:17-80
57        android:required="false" />
57-->src\main\AndroidManifest.xml:44:81-105
58
59    <application
59-->src\main\AndroidManifest.xml:4:3-25:17
60        android:debuggable="true"
60-->src\main\AndroidManifest.xml:4:49-74
61        android:extractNativeLibs="true"
61-->src\main\AndroidManifest.xml:4:75-107
62        android:icon="@mipmap/app_icon"
62-->src\main\AndroidManifest.xml:4:108-139
63        android:label="@string/app_name" >
63-->src\main\AndroidManifest.xml:4:16-48
64        <activity
64-->src\main\AndroidManifest.xml:5:5-14:16
65            android:name="com.unity3d.player.UnityPlayerActivity"
65-->src\main\AndroidManifest.xml:5:15-68
66            android:configChanges="mcc|mnc|locale|touchscreen|keyboard|keyboardHidden|navigation|orientation|screenLayout|uiMode|screenSize|smallestScreenSize|fontScale|layoutDirection|density"
66-->src\main\AndroidManifest.xml:5:171-352
67            android:hardwareAccelerated="false"
67-->src\main\AndroidManifest.xml:5:388-423
68            android:label="@string/app_name"
68-->src\main\AndroidManifest.xml:5:69-101
69            android:launchMode="singleTask"
69-->src\main\AndroidManifest.xml:5:139-170
70            android:resizeableActivity="false"
70-->src\main\AndroidManifest.xml:5:353-387
71            android:screenOrientation="fullUser" >
71-->src\main\AndroidManifest.xml:5:102-138
72            <intent-filter>
72-->src\main\AndroidManifest.xml:6:7-10:23
73                <action android:name="android.intent.action.MAIN" />
73-->src\main\AndroidManifest.xml:7:9-61
73-->src\main\AndroidManifest.xml:7:17-58
74
75                <category android:name="android.intent.category.LAUNCHER" />
75-->src\main\AndroidManifest.xml:8:9-69
75-->src\main\AndroidManifest.xml:8:19-66
76                <category android:name="android.intent.category.LEANBACK_LAUNCHER" />
76-->src\main\AndroidManifest.xml:9:9-78
76-->src\main\AndroidManifest.xml:9:19-75
77            </intent-filter>
78
79            <meta-data
79-->src\main\AndroidManifest.xml:11:7-82
80                android:name="unityplayer.UnityActivity"
80-->src\main\AndroidManifest.xml:11:18-58
81                android:value="true" />
81-->src\main\AndroidManifest.xml:11:59-79
82            <meta-data
82-->src\main\AndroidManifest.xml:12:7-96
83                android:name="unityplayer.ForwardNativeEventsToDalvik"
83-->src\main\AndroidManifest.xml:12:18-72
84                android:value="true" />
84-->src\main\AndroidManifest.xml:12:73-93
85            <meta-data
85-->src\main\AndroidManifest.xml:13:7-78
86                android:name="android.notch_support"
86-->src\main\AndroidManifest.xml:13:18-54
87                android:value="true" />
87-->src\main\AndroidManifest.xml:13:55-75
88        </activity>
89        <!-- native toolkit -->
90        <activity
90-->src\main\AndroidManifest.xml:16:5-121
91            android:name="com.secondfury.nativetoolkit.MainActivity"
91-->src\main\AndroidManifest.xml:16:15-71
92            android:configChanges="orientation|screenSize" />
92-->src\main\AndroidManifest.xml:16:72-118
93        <activity android:name="com.secondfury.nativetoolkit.LocalNotificationResult" />
93-->src\main\AndroidManifest.xml:17:5-85
93-->src\main\AndroidManifest.xml:17:15-82
94
95        <receiver android:name="com.secondfury.nativetoolkit.LocalNotification" />
95-->src\main\AndroidManifest.xml:18:5-79
95-->src\main\AndroidManifest.xml:18:15-76
96        <!-- end native toolkit -->
97        <meta-data
97-->src\main\AndroidManifest.xml:20:5-69
98            android:name="unity.splash-mode"
98-->src\main\AndroidManifest.xml:20:16-48
99            android:value="0" />
99-->src\main\AndroidManifest.xml:20:49-66
100        <meta-data
100-->src\main\AndroidManifest.xml:21:5-74
101            android:name="unity.splash-enable"
101-->src\main\AndroidManifest.xml:21:16-50
102            android:value="True" />
102-->src\main\AndroidManifest.xml:21:51-71
103        <meta-data
103-->src\main\AndroidManifest.xml:22:5-78
104            android:name="unity.launch-fullscreen"
104-->src\main\AndroidManifest.xml:22:16-54
105            android:value="True" />
105-->src\main\AndroidManifest.xml:22:55-75
106        <meta-data
106-->src\main\AndroidManifest.xml:23:5-84
107            android:name="unity.allow-resizable-window"
107-->src\main\AndroidManifest.xml:23:16-59
108            android:value="False" />
108-->src\main\AndroidManifest.xml:23:60-81
109        <meta-data
109-->src\main\AndroidManifest.xml:24:5-81
110            android:name="notch.config"
110-->src\main\AndroidManifest.xml:24:16-43
111            android:value="portrait|landscape" />
111-->src\main\AndroidManifest.xml:24:44-78
112    </application>
113
114</manifest>